# JRE version: OpenJDK Runtime Environment (8.0_152-b01) (build 1.8.0_152-release-915-b01)
# Java VM: OpenJDK 64-Bit Server VM (25.152-b01 mixed mode windows-amd64 compressed oops)
Heap:
 PSYoungGen      total 397824K, used 244218K [0x00000000e0000000, 0x00000000ff880000, 0x0000000100000000)
  eden space 394752K, 61% used [0x00000000e0000000,0x00000000eee7e940,0x00000000f8180000)
  from space 3072K, 0% used [0x00000000f8180000,0x00000000f8180000,0x00000000f8480000)
  to   space 60928K, 0% used [0x00000000fbd00000,0x00000000fbd00000,0x00000000ff880000)
 ParOldGen       total 301568K, used 45912K [0x00000000a0000000, 0x00000000b2680000, 0x00000000e0000000)
  object space 301568K, 15% used [0x00000000a0000000,0x00000000a2cd6340,0x00000000b2680000)
 Metaspace       used 86651K, capacity 90404K, committed 94080K, reserved 1130496K
  class space    used 10833K, capacity 11693K, committed 12672K, reserved 1048576K
GC Heap History (10 events):
Event: 586.168 GC heap before
{Heap before GC invocations=42 (full 4):
 PSYoungGen      total 457728K, used 401038K [0x00000000e0000000, 0x0000000100000000, 0x0000000100000000)
  eden space 391168K, 99% used [0x00000000e0000000,0x00000000f7dc03e8,0x00000000f7e00000)
  from space 66560K, 15% used [0x00000000f7e00000,0x00000000f87e3798,0x00000000fbf00000)
  to   space 65024K, 0% used [0x00000000fc080000,0x00000000fc080000,0x0000000100000000)
 ParOldGen       total 301568K, used 248196K [0x00000000a0000000, 0x00000000b2680000, 0x00000000e0000000)
  object space 301568K, 82% used [0x00000000a0000000,0x00000000af261378,0x00000000b2680000)
 Metaspace       used 86112K, capacity 90542K, committed 90752K, reserved 1128448K
  class space    used 11040K, capacity 12085K, committed 12160K, reserved 1048576K
Event: 586.173 GC heap after
Heap after GC invocations=42 (full 4):
 PSYoungGen      total 456192K, used 4628K [0x00000000e0000000, 0x00000000ffe80000, 0x0000000100000000)
  eden space 392704K, 0% used [0x00000000e0000000,0x00000000e0000000,0x00000000f7f80000)
  from space 63488K, 7% used [0x00000000fc080000,0x00000000fc505370,0x00000000ffe80000)
  to   space 65024K, 0% used [0x00000000f7f80000,0x00000000f7f80000,0x00000000fbf00000)
 ParOldGen       total 301568K, used 248957K [0x00000000a0000000, 0x00000000b2680000, 0x00000000e0000000)
  object space 301568K, 82% used [0x00000000a0000000,0x00000000af31f408,0x00000000b2680000)
 Metaspace       used 86112K, capacity 90542K, committed 90752K, reserved 1128448K
  class space    used 11040K, capacity 12085K, committed 12160K, reserved 1048576K
}
Event: 586.234 GC heap before
{Heap before GC invocations=43 (full 4):
 PSYoungGen      total 456192K, used 396667K [0x00000000e0000000, 0x00000000ffe80000, 0x0000000100000000)
  eden space 392704K, 99% used [0x00000000e0000000,0x00000000f7ed9b18,0x00000000f7f80000)
  from space 63488K, 7% used [0x00000000fc080000,0x00000000fc505370,0x00000000ffe80000)
  to   space 65024K, 0% used [0x00000000f7f80000,0x00000000f7f80000,0x00000000fbf00000)
 ParOldGen       total 301568K, used 248957K [0x00000000a0000000, 0x00000000b2680000, 0x00000000e0000000)
  object space 301568K, 82% used [0x00000000a0000000,0x00000000af31f408,0x00000000b2680000)
 Metaspace       used 86112K, capacity 90542K, committed 90752K, reserved 1128448K
  class space    used 11040K, capacity 12085K, committed 12160K, reserved 1048576K
Event: 586.238 GC heap after
Heap after GC invocations=43 (full 4):
 PSYoungGen      total 457728K, used 160K [0x00000000e0000000, 0x0000000100000000, 0x0000000100000000)
  eden space 392704K, 0% used [0x00000000e0000000,0x00000000e0000000,0x00000000f7f80000)
  from space 65024K, 0% used [0x00000000f7f80000,0x00000000f7fa8000,0x00000000fbf00000)
  to   space 64512K, 0% used [0x00000000fc100000,0x00000000fc100000,0x0000000100000000)
 ParOldGen       total 301568K, used 251171K [0x00000000a0000000, 0x00000000b2680000, 0x00000000e0000000)
  object space 301568K, 83% used [0x00000000a0000000,0x00000000af548f30,0x00000000b2680000)
 Metaspace       used 86112K, capacity 90542K, committed 90752K, reserved 1128448K
  class space    used 11040K, capacity 12085K, committed 12160K, reserved 1048576K
}
Event: 1896.353 GC heap before
{Heap before GC invocations=44 (full 4):
 PSYoungGen      total 457728K, used 392864K [0x00000000e0000000, 0x0000000100000000, 0x0000000100000000)
  eden space 392704K, 100% used [0x00000000e0000000,0x00000000f7f80000,0x00000000f7f80000)
  from space 65024K, 0% used [0x00000000f7f80000,0x00000000f7fa8000,0x00000000fbf00000)
  to   space 64512K, 0% used [0x00000000fc100000,0x00000000fc100000,0x0000000100000000)
 ParOldGen       total 301568K, used 251171K [0x00000000a0000000, 0x00000000b2680000, 0x00000000e0000000)
  object space 301568K, 83% used [0x00000000a0000000,0x00000000af548f30,0x00000000b2680000)
 Metaspace       used 87971K, capacity 92836K, committed 93056K, reserved 1130496K
  class space    used 11287K, capacity 12402K, committed 12416K, reserved 1048576K
Event: 1896.363 GC heap after
Heap after GC invocations=44 (full 4):
 PSYoungGen      total 453632K, used 9457K [0x00000000e0000000, 0x00000000ffa80000, 0x0000000100000000)
  eden space 394752K, 0% used [0x00000000e0000000,0x00000000e0000000,0x00000000f8180000)
  from space 58880K, 16% used [0x00000000fc100000,0x00000000fca3c558,0x00000000ffa80000)
  to   space 61952K, 0% used [0x00000000f8180000,0x00000000f8180000,0x00000000fbe00000)
 ParOldGen       total 301568K, used 251227K [0x00000000a0000000, 0x00000000b2680000, 0x00000000e0000000)
  object space 301568K, 83% used [0x00000000a0000000,0x00000000af556f30,0x00000000b2680000)
 Metaspace       used 87971K, capacity 92836K, committed 93056K, reserved 1130496K
  class space    used 11287K, capacity 12402K, committed 12416K, reserved 1048576K
}
Event: 4177.103 GC heap before
{Heap before GC invocations=45 (full 4):
 PSYoungGen      total 453632K, used 238637K [0x00000000e0000000, 0x00000000ffa80000, 0x0000000100000000)
  eden space 394752K, 58% used [0x00000000e0000000,0x00000000edfcf220,0x00000000f8180000)
  from space 58880K, 16% used [0x00000000fc100000,0x00000000fca3c558,0x00000000ffa80000)
  to   space 61952K, 0% used [0x00000000f8180000,0x00000000f8180000,0x00000000fbe00000)
 ParOldGen       total 301568K, used 251227K [0x00000000a0000000, 0x00000000b2680000, 0x00000000e0000000)
  object space 301568K, 83% used [0x00000000a0000000,0x00000000af556f30,0x00000000b2680000)
 Metaspace       used 88806K, capacity 93926K, committed 94080K, reserved 1130496K
  class space    used 11381K, capacity 12579K, committed 12672K, reserved 1048576K
Event: 4177.184 GC heap after
Heap after GC invocations=45 (full 4):
 PSYoungGen      total 397824K, used 2692K [0x00000000e0000000, 0x00000000ff880000, 0x0000000100000000)
  eden space 394752K, 0% used [0x00000000e0000000,0x00000000e0000000,0x00000000f8180000)
  from space 3072K, 87% used [0x00000000f8180000,0x00000000f8421290,0x00000000f8480000)
  to   space 60928K, 0% used [0x00000000fbd00000,0x00000000fbd00000,0x00000000ff880000)
 ParOldGen       total 301568K, used 252605K [0x00000000a0000000, 0x00000000b2680000, 0x00000000e0000000)
  object space 301568K, 83% used [0x00000000a0000000,0x00000000af6af588,0x00000000b2680000)
 Metaspace       used 88806K, capacity 93926K, committed 94080K, reserved 1130496K
  class space    used 11381K, capacity 12579K, committed 12672K, reserved 1048576K
}
Event: 4177.184 GC heap before
{Heap before GC invocations=46 (full 5):
 PSYoungGen      total 397824K, used 2692K [0x00000000e0000000, 0x00000000ff880000, 0x0000000100000000)
  eden space 394752K, 0% used [0x00000000e0000000,0x00000000e0000000,0x00000000f8180000)
  from space 3072K, 87% used [0x00000000f8180000,0x00000000f8421290,0x00000000f8480000)
  to   space 60928K, 0% used [0x00000000fbd00000,0x00000000fbd00000,0x00000000ff880000)
 ParOldGen       total 301568K, used 252605K [0x00000000a0000000, 0x00000000b2680000, 0x00000000e0000000)
  object space 301568K, 83% used [0x00000000a0000000,0x00000000af6af588,0x00000000b2680000)
 Metaspace       used 88806K, capacity 93926K, committed 94080K, reserved 1130496K
  class space    used 11381K, capacity 12579K, committed 12672K, reserved 1048576K
Event: 4177.585 GC heap after
Heap after GC invocations=46 (full 5):
 PSYoungGen      total 397824K, used 0K [0x00000000e0000000, 0x00000000ff880000, 0x0000000100000000)
  eden space 394752K, 0% used [0x00000000e0000000,0x00000000e0000000,0x00000000f8180000)
  from space 3072K, 0% used [0x00000000f8180000,0x00000000f8180000,0x00000000f8480000)
  to   space 60928K, 0% used [0x00000000fbd00000,0x00000000fbd00000,0x00000000ff880000)
 ParOldGen       total 301568K, used 45912K [0x00000000a0000000, 0x00000000b2680000, 0x00000000e0000000)
  object space 301568K, 15% used [0x00000000a0000000,0x00000000a2cd6340,0x00000000b2680000)
 Metaspace       used 85267K, capacity 88444K, committed 94080K, reserved 1130496K
  class space    used 10654K, capacity 11416K, committed 12672K, reserved 1048576K
}

