# JRE version: OpenJDK Runtime Environment (8.0_152-b01) (build 1.8.0_152-release-915-b01)
# Java VM: OpenJDK 64-Bit Server VM (25.152-b01 mixed mode windows-amd64 compressed oops)
Heap:
 PSYoungGen      total 128512K, used 82821K [0x00000000e0000000, 0x00000000eab00000, 0x0000000100000000)
  eden space 106496K, 57% used [0x00000000e0000000,0x00000000e3b61b70,0x00000000e6800000)
  from space 22016K, 99% used [0x00000000e6800000,0x00000000e7d7f938,0x00000000e7d80000)
  to   space 26112K, 0% used [0x00000000e9180000,0x00000000e9180000,0x00000000eab00000)
 ParOldGen       total 119296K, used 20774K [0x00000000a0000000, 0x00000000a7480000, 0x00000000e0000000)
  object space 119296K, 17% used [0x00000000a0000000,0x00000000a1449a88,0x00000000a7480000)
 Metaspace       used 55995K, capacity 58057K, committed 58200K, reserved 1099776K
  class space    used 7494K, capacity 7987K, committed 8064K, reserved 1048576K
GC Heap History (10 events):
Event: 25.064 GC heap before
{Heap before GC invocations=17 (full 2):
 PSYoungGen      total 89600K, used 89577K [0x00000000e0000000, 0x00000000e6a00000, 0x0000000100000000)
  eden space 75776K, 100% used [0x00000000e0000000,0x00000000e4a00000,0x00000000e4a00000)
  from space 13824K, 99% used [0x00000000e5980000,0x00000000e66fa538,0x00000000e6700000)
  to   space 15872K, 0% used [0x00000000e4a00000,0x00000000e4a00000,0x00000000e5980000)
 ParOldGen       total 119296K, used 17151K [0x00000000a0000000, 0x00000000a7480000, 0x00000000e0000000)
  object space 119296K, 14% used [0x00000000a0000000,0x00000000a10bfe50,0x00000000a7480000)
 Metaspace       used 47741K, capacity 48885K, committed 49240K, reserved 1091584K
  class space    used 6316K, capacity 6700K, committed 6784K, reserved 1048576K
Event: 25.074 GC heap after
Heap after GC invocations=17 (full 2):
 PSYoungGen      total 91648K, used 15840K [0x00000000e0000000, 0x00000000e7f00000, 0x0000000100000000)
  eden space 75776K, 0% used [0x00000000e0000000,0x00000000e0000000,0x00000000e4a00000)
  from space 15872K, 99% used [0x00000000e4a00000,0x00000000e5978028,0x00000000e5980000)
  to   space 17920K, 0% used [0x00000000e6d80000,0x00000000e6d80000,0x00000000e7f00000)
 ParOldGen       total 119296K, used 17673K [0x00000000a0000000, 0x00000000a7480000, 0x00000000e0000000)
  object space 119296K, 14% used [0x00000000a0000000,0x00000000a11427d8,0x00000000a7480000)
 Metaspace       used 47741K, capacity 48885K, committed 49240K, reserved 1091584K
  class space    used 6316K, capacity 6700K, committed 6784K, reserved 1048576K
}
Event: 25.937 GC heap before
{Heap before GC invocations=18 (full 2):
 PSYoungGen      total 91648K, used 91616K [0x00000000e0000000, 0x00000000e7f00000, 0x0000000100000000)
  eden space 75776K, 100% used [0x00000000e0000000,0x00000000e4a00000,0x00000000e4a00000)
  from space 15872K, 99% used [0x00000000e4a00000,0x00000000e5978028,0x00000000e5980000)
  to   space 17920K, 0% used [0x00000000e6d80000,0x00000000e6d80000,0x00000000e7f00000)
 ParOldGen       total 119296K, used 17673K [0x00000000a0000000, 0x00000000a7480000, 0x00000000e0000000)
  object space 119296K, 14% used [0x00000000a0000000,0x00000000a11427d8,0x00000000a7480000)
 Metaspace       used 47861K, capacity 49029K, committed 49240K, reserved 1091584K
  class space    used 6328K, capacity 6704K, committed 6784K, reserved 1048576K
Event: 25.945 GC heap after
Heap after GC invocations=18 (full 2):
 PSYoungGen      total 111104K, used 14368K [0x00000000e0000000, 0x00000000e8080000, 0x0000000100000000)
  eden space 93184K, 0% used [0x00000000e0000000,0x00000000e0000000,0x00000000e5b00000)
  from space 17920K, 80% used [0x00000000e6d80000,0x00000000e7b88278,0x00000000e7f00000)
  to   space 18944K, 0% used [0x00000000e5b00000,0x00000000e5b00000,0x00000000e6d80000)
 ParOldGen       total 119296K, used 17681K [0x00000000a0000000, 0x00000000a7480000, 0x00000000e0000000)
  object space 119296K, 14% used [0x00000000a0000000,0x00000000a11447d8,0x00000000a7480000)
 Metaspace       used 47861K, capacity 49029K, committed 49240K, reserved 1091584K
  class space    used 6328K, capacity 6704K, committed 6784K, reserved 1048576K
}
Event: 26.527 GC heap before
{Heap before GC invocations=19 (full 2):
 PSYoungGen      total 111104K, used 107552K [0x00000000e0000000, 0x00000000e8080000, 0x0000000100000000)
  eden space 93184K, 100% used [0x00000000e0000000,0x00000000e5b00000,0x00000000e5b00000)
  from space 17920K, 80% used [0x00000000e6d80000,0x00000000e7b88278,0x00000000e7f00000)
  to   space 18944K, 0% used [0x00000000e5b00000,0x00000000e5b00000,0x00000000e6d80000)
 ParOldGen       total 119296K, used 17681K [0x00000000a0000000, 0x00000000a7480000, 0x00000000e0000000)
  object space 119296K, 14% used [0x00000000a0000000,0x00000000a11447d8,0x00000000a7480000)
 Metaspace       used 47963K, capacity 49163K, committed 49496K, reserved 1091584K
  class space    used 6334K, capacity 6705K, committed 6784K, reserved 1048576K
Event: 26.535 GC heap after
Heap after GC invocations=19 (full 2):
 PSYoungGen      total 112128K, used 15253K [0x00000000e0000000, 0x00000000e9100000, 0x0000000100000000)
  eden space 93184K, 0% used [0x00000000e0000000,0x00000000e0000000,0x00000000e5b00000)
  from space 18944K, 80% used [0x00000000e5b00000,0x00000000e69e55c8,0x00000000e6d80000)
  to   space 19968K, 0% used [0x00000000e7d80000,0x00000000e7d80000,0x00000000e9100000)
 ParOldGen       total 119296K, used 17689K [0x00000000a0000000, 0x00000000a7480000, 0x00000000e0000000)
  object space 119296K, 14% used [0x00000000a0000000,0x00000000a11467d8,0x00000000a7480000)
 Metaspace       used 47963K, capacity 49163K, committed 49496K, reserved 1091584K
  class space    used 6334K, capacity 6705K, committed 6784K, reserved 1048576K
}
Event: 28.394 GC heap before
{Heap before GC invocations=20 (full 2):
 PSYoungGen      total 112128K, used 108437K [0x00000000e0000000, 0x00000000e9100000, 0x0000000100000000)
  eden space 93184K, 100% used [0x00000000e0000000,0x00000000e5b00000,0x00000000e5b00000)
  from space 18944K, 80% used [0x00000000e5b00000,0x00000000e69e55c8,0x00000000e6d80000)
  to   space 19968K, 0% used [0x00000000e7d80000,0x00000000e7d80000,0x00000000e9100000)
 ParOldGen       total 119296K, used 17689K [0x00000000a0000000, 0x00000000a7480000, 0x00000000e0000000)
  object space 119296K, 14% used [0x00000000a0000000,0x00000000a11467d8,0x00000000a7480000)
 Metaspace       used 48925K, capacity 50249K, committed 50392K, reserved 1093632K
  class space    used 6446K, capacity 6820K, committed 6912K, reserved 1048576K
Event: 28.408 GC heap after
Heap after GC invocations=20 (full 2):
 PSYoungGen      total 126464K, used 17643K [0x00000000e0000000, 0x00000000e9400000, 0x0000000100000000)
  eden space 106496K, 0% used [0x00000000e0000000,0x00000000e0000000,0x00000000e6800000)
  from space 19968K, 88% used [0x00000000e7d80000,0x00000000e8ebaea0,0x00000000e9100000)
  to   space 22016K, 0% used [0x00000000e6800000,0x00000000e6800000,0x00000000e7d80000)
 ParOldGen       total 119296K, used 17697K [0x00000000a0000000, 0x00000000a7480000, 0x00000000e0000000)
  object space 119296K, 14% used [0x00000000a0000000,0x00000000a11487d8,0x00000000a7480000)
 Metaspace       used 48925K, capacity 50249K, committed 50392K, reserved 1093632K
  class space    used 6446K, capacity 6820K, committed 6912K, reserved 1048576K
}
Event: 30.370 GC heap before
{Heap before GC invocations=21 (full 2):
 PSYoungGen      total 126464K, used 124139K [0x00000000e0000000, 0x00000000e9400000, 0x0000000100000000)
  eden space 106496K, 100% used [0x00000000e0000000,0x00000000e6800000,0x00000000e6800000)
  from space 19968K, 88% used [0x00000000e7d80000,0x00000000e8ebaea0,0x00000000e9100000)
  to   space 22016K, 0% used [0x00000000e6800000,0x00000000e6800000,0x00000000e7d80000)
 ParOldGen       total 119296K, used 17697K [0x00000000a0000000, 0x00000000a7480000, 0x00000000e0000000)
  object space 119296K, 14% used [0x00000000a0000000,0x00000000a11487d8,0x00000000a7480000)
 Metaspace       used 55130K, capacity 57067K, committed 57304K, reserved 1099776K
  class space    used 7403K, capacity 7892K, committed 7936K, reserved 1048576K
Event: 30.389 GC heap after
Heap after GC invocations=21 (full 2):
 PSYoungGen      total 128512K, used 22014K [0x00000000e0000000, 0x00000000eab00000, 0x0000000100000000)
  eden space 106496K, 0% used [0x00000000e0000000,0x00000000e0000000,0x00000000e6800000)
  from space 22016K, 99% used [0x00000000e6800000,0x00000000e7d7f938,0x00000000e7d80000)
  to   space 26112K, 0% used [0x00000000e9180000,0x00000000e9180000,0x00000000eab00000)
 ParOldGen       total 119296K, used 20774K [0x00000000a0000000, 0x00000000a7480000, 0x00000000e0000000)
  object space 119296K, 17% used [0x00000000a0000000,0x00000000a1449a88,0x00000000a7480000)
 Metaspace       used 55130K, capacity 57067K, committed 57304K, reserved 1099776K
  class space    used 7403K, capacity 7892K, committed 7936K, reserved 1048576K
}

